\BOOKMARK [0][-]{Doc-Start}{\376\377\000A\000b\000s\000t\000r\000a\000c\000t}{}% 1
\BOOKMARK [0][-]{chapter*.2}{\376\377\000L\000i\000s\000t\000\040\000o\000f\000\040\000F\000i\000g\000u\000r\000e\000s}{}% 2
\BOOKMARK [0][-]{chapter*.3}{\376\377\000L\000i\000s\000t\000\040\000o\000f\000\040\000T\000a\000b\000l\000e\000s}{}% 3
\BOOKMARK [0][-]{chapter*.4}{\376\377\000L\000i\000s\000t\000\040\000o\000f\000\040\000A\000c\000r\000o\000n\000y\000m\000s}{}% 4
\BOOKMARK [-1][-]{part.1}{\376\377\000I\000\040\000B\000a\000c\000k\000g\000r\000o\000u\000n\000d\000s}{}% 5
\BOOKMARK [0][-]{chapter.1}{\376\377\000I\000n\000t\000r\000o\000d\000u\000c\000t\000i\000o\000n}{part.1}% 6
\BOOKMARK [0][-]{chapter.2}{\376\377\000F\000i\000g\000u\000r\000e\000\040\000a\000n\000d\000\040\000T\000a\000b\000l\000e}{part.1}% 7
\BOOKMARK [1][-]{section.2.1}{\376\377\000F\000i\000g\000u\000r\000e}{chapter.2}% 8
\BOOKMARK [1][-]{section.2.2}{\376\377\000T\000a\000b\000l\000e}{chapter.2}% 9
\BOOKMARK [1][-]{section.2.3}{\376\377\000L\000a\000r\000g\000e\000\040\000F\000i\000g\000u\000r\000e\000/\000T\000a\000b\000l\000e}{chapter.2}% 10
\BOOKMARK [0][-]{chapter.3}{\376\377\000R\000e\000s\000e\000a\000r\000c\000h\000\040\000F\000l\000o\000w}{part.1}% 11
\BOOKMARK [1][-]{section.3.1}{\376\377\000M\000o\000t\000i\000v\000a\000t\000i\000o\000n}{chapter.3}% 12
\BOOKMARK [2][-]{subsection.3.1.1}{\376\377\000N\000e\000R\000F\000\040\000a\000n\000d\000\040\000Q\000R\000F}{section.3.1}% 13
\BOOKMARK [1][-]{section.3.2}{\376\377\000M\000a\000t\000h\000e\000m\000a\000t\000i\000c\000s\000\040\000f\000o\000r\000\040\000Q\000u\000a\000n\000t\000u\000m\000\040\000C\000o\000m\000p\000u\000t\000i\000n\000g}{chapter.3}% 14
\BOOKMARK [2][-]{subsection.3.2.1}{\376\377\000Q\000u\000a\000n\000t\000u\000m\000\040\000b\000i\000t\000,\000\040\000q\000u\000b\000i\000t}{section.3.2}% 15
\BOOKMARK [2][-]{subsection.3.2.2}{\376\377\000M\000u\000l\000t\000i\000-\000q\000u\000b\000i\000t\000\040\000s\000y\000s\000t\000e\000m}{section.3.2}% 16
\BOOKMARK [1][-]{section.3.3}{\376\377\000Q\000M\000L\000\040\000a\000n\000d\000\040\000M\000L}{chapter.3}% 17
\BOOKMARK [2][-]{subsection.3.3.1}{\376\377\000M\000L}{section.3.3}% 18
\BOOKMARK [2][-]{subsection.3.3.2}{\376\377\000Q\000M\000L}{section.3.3}% 19
\BOOKMARK [2][-]{subsection.3.3.3}{\376\377\000C\000o\000m\000p\000a\000r\000s\000i\000o\000n\000\040\000w\000i\000t\000h\000\040\000Q\000M\000L\000\040\000a\000n\000d\000\040\000M\000L}{section.3.3}% 20
\BOOKMARK [1][-]{section.3.4}{\376\377\000L\000i\000m\000i\000t\000a\000t\000i\000o\000n\000s\000\040\000o\000f\000\040\000Q\000M\000L\000:\000\040\000C\000o\000n\000s\000t\000r\000a\000i\000n\000t\000\040\000o\000f\000\040\000N\000o\000n\000l\000i\000n\000e\000a\000r\000i\000t\000y}{chapter.3}% 21
\BOOKMARK [-1][-]{part.2}{\376\377\000I\000I\000\040\000R\000e\000s\000e\000a\000r\000c\000h\000\040\000a\000n\000d\000\040\000R\000e\000s\000u\000l\000t\000s}{}% 22
\BOOKMARK [0][-]{chapter.4}{\376\377\000R\000e\000s\000e\000a\000r\000c\000h}{part.2}% 23
\BOOKMARK [1][-]{section.4.1}{\376\377\306\260\271\254\254\000\000\040\255\000\314\060\325\134\000\040\000t\000h\000m\264\344}{chapter.4}% 24
\BOOKMARK [1][-]{section.4.2}{\376\377\306\260\271\254\254\000\000\040\325\134\000\040\254\160\000,\000\040\314\075\307\130\310\001\307\170\000\040\305\360\255\154\000!}{chapter.4}% 25
\BOOKMARK [0][-]{chapter.5}{\376\377\000C\000o\000n\000c\000l\000u\000s\000i\000o\000n}{part.2}% 26
\BOOKMARK [1][-]{section.5.1}{\376\377\000S\000u\000m\000m\000a\000r\000y}{chapter.5}% 27
\BOOKMARK [1][-]{section.5.2}{\376\377\000C\000o\000n\000c\000l\000u\000s\000i\000o\000n}{chapter.5}% 28
\BOOKMARK [0][-]{section.5.2}{\376\377\000B\000i\000b\000l\000i\000o\000g\000r\000a\000p\000h\000y}{part.2}% 29
\BOOKMARK [0][-]{chapter*.16}{\376\377\000A\000c\000k\000n\000o\000w\000l\000e\000d\000g\000e\000m\000e\000n\000t}{part.2}% 30
